{"C:\\Users\\natha\\Desktop\\desafioProfissionalTrabalho\\desafioProfissionalTrabalho\\app.ts": {"path":"C:\\Users\\natha\\Desktop\\desafioProfissionalTrabalho\\desafioProfissionalTrabalho\\app.ts","statementMap":{"0":{"start":{"line":1,"column":0},"end":{"line":1,"column":30}},"1":{"start":{"line":2,"column":0},"end":{"line":2,"column":42}},"2":{"start":{"line":3,"column":0},"end":{"line":3,"column":34}},"3":{"start":{"line":4,"column":0},"end":{"line":4,"column":62}},"4":{"start":{"line":7,"column":0},"end":{"line":7,"column":55}},"5":{"start":{"line":8,"column":0},"end":{"line":8,"column":59}},"6":{"start":{"line":9,"column":0},"end":{"line":9,"column":59}},"7":{"start":{"line":17,"column":8},"end":{"line":17,"column":33}},"8":{"start":{"line":18,"column":8},"end":{"line":23,"column":10}},"9":{"start":{"line":24,"column":8},"end":{"line":24,"column":64}},"10":{"start":{"line":25,"column":8},"end":{"line":25,"column":26}},"11":{"start":{"line":26,"column":8},"end":{"line":26,"column":24}},"12":{"start":{"line":27,"column":8},"end":{"line":27,"column":22}},"13":{"start":{"line":31,"column":8},"end":{"line":31,"column":41}},"14":{"start":{"line":35,"column":8},"end":{"line":45,"column":11}},"15":{"start":{"line":36,"column":12},"end":{"line":39,"column":13}},"16":{"start":{"line":37,"column":16},"end":{"line":37,"column":77}},"17":{"start":{"line":38,"column":16},"end":{"line":38,"column":23}},"18":{"start":{"line":40,"column":12},"end":{"line":40,"column":64}},"19":{"start":{"line":41,"column":12},"end":{"line":41,"column":60}},"20":{"start":{"line":42,"column":12},"end":{"line":42,"column":56}},"21":{"start":{"line":43,"column":12},"end":{"line":43,"column":58}},"22":{"start":{"line":44,"column":12},"end":{"line":44,"column":60}},"23":{"start":{"line":49,"column":8},"end":{"line":49,"column":33}},"24":{"start":{"line":53,"column":0},"end":{"line":53,"column":33}}},"fnMap":{"0":{"name":"(anonymous_1)","decl":{"start":{"line":16,"column":4},"end":{"line":16,"column":null}},"loc":{"start":{"line":16,"column":4},"end":{"line":28,"column":5}}},"1":{"name":"(anonymous_2)","decl":{"start":{"line":30,"column":11},"end":{"line":30,"column":21}},"loc":{"start":{"line":30,"column":21},"end":{"line":32,"column":5}}},"2":{"name":"(anonymous_3)","decl":{"start":{"line":34,"column":11},"end":{"line":34,"column":19}},"loc":{"start":{"line":34,"column":19},"end":{"line":46,"column":5}}},"3":{"name":"(anonymous_4)","decl":{"start":{"line":35,"column":32},"end":{"line":35,"column":33}},"loc":{"start":{"line":35,"column":52},"end":{"line":45,"column":9}}},"4":{"name":"(anonymous_5)","decl":{"start":{"line":48,"column":11},"end":{"line":48,"column":17}},"loc":{"start":{"line":48,"column":17},"end":{"line":50,"column":5}}}},"branchMap":{"0":{"loc":{"start":{"line":36,"column":12},"end":{"line":39,"column":13}},"type":"if","locations":[{"start":{"line":36,"column":12},"end":{"line":39,"column":13}}]}},"s":{"0":3,"1":3,"2":3,"3":3,"4":3,"5":3,"6":3,"7":3,"8":3,"9":3,"10":3,"11":3,"12":3,"13":3,"14":3,"15":3,"16":0,"17":0,"18":3,"19":3,"20":3,"21":3,"22":3,"23":3,"24":3},"f":{"0":3,"1":3,"2":3,"3":3,"4":3},"b":{"0":[0]}}
,"C:\\Users\\natha\\Desktop\\desafioProfissionalTrabalho\\desafioProfissionalTrabalho\\routes.ts": {"path":"C:\\Users\\natha\\Desktop\\desafioProfissionalTrabalho\\desafioProfissionalTrabalho\\routes.ts","statementMap":{"0":{"start":{"line":2,"column":0},"end":{"line":2,"column":33}},"1":{"start":{"line":3,"column":0},"end":{"line":3,"column":62}},"2":{"start":{"line":5,"column":0},"end":{"line":5,"column":62}},"3":{"start":{"line":7,"column":0},"end":{"line":7,"column":70}},"4":{"start":{"line":8,"column":0},"end":{"line":8,"column":64}},"5":{"start":{"line":10,"column":15},"end":{"line":10,"column":23}},"6":{"start":{"line":37,"column":19},"end":{"line":37,"column":25}},"7":{"start":{"line":11,"column":25},"end":{"line":11,"column":47}},"8":{"start":{"line":12,"column":28},"end":{"line":12,"column":53}},"9":{"start":{"line":14,"column":0},"end":{"line":14,"column":84}},"10":{"start":{"line":17,"column":0},"end":{"line":17,"column":52}},"11":{"start":{"line":18,"column":0},"end":{"line":18,"column":56}},"12":{"start":{"line":19,"column":0},"end":{"line":19,"column":52}},"13":{"start":{"line":20,"column":0},"end":{"line":20,"column":55}},"14":{"start":{"line":21,"column":0},"end":{"line":21,"column":58}},"15":{"start":{"line":24,"column":0},"end":{"line":24,"column":64}},"16":{"start":{"line":25,"column":0},"end":{"line":25,"column":68}},"17":{"start":{"line":26,"column":0},"end":{"line":26,"column":64}},"18":{"start":{"line":27,"column":0},"end":{"line":27,"column":67}},"19":{"start":{"line":28,"column":0},"end":{"line":28,"column":70}},"20":{"start":{"line":31,"column":0},"end":{"line":31,"column":58}},"21":{"start":{"line":32,"column":0},"end":{"line":32,"column":58}},"22":{"start":{"line":33,"column":0},"end":{"line":33,"column":62}},"23":{"start":{"line":34,"column":0},"end":{"line":34,"column":61}},"24":{"start":{"line":35,"column":0},"end":{"line":35,"column":64}}},"fnMap":{},"branchMap":{},"s":{"0":3,"1":3,"2":3,"3":3,"4":3,"5":3,"6":3,"7":3,"8":3,"9":3,"10":3,"11":3,"12":3,"13":3,"14":3,"15":3,"16":3,"17":3,"18":3,"19":3,"20":3,"21":3,"22":3,"23":3,"24":3},"f":{},"b":{}}
,"C:\\Users\\natha\\Desktop\\desafioProfissionalTrabalho\\desafioProfissionalTrabalho\\controllers\\characterController.ts": {"path":"C:\\Users\\natha\\Desktop\\desafioProfissionalTrabalho\\desafioProfissionalTrabalho\\controllers\\characterController.ts","statementMap":{"0":{"start":{"line":2,"column":0},"end":{"line":2,"column":60}},"1":{"start":{"line":8,"column":8},"end":{"line":20,"column":9}},"2":{"start":{"line":9,"column":41},"end":{"line":9,"column":49}},"3":{"start":{"line":10,"column":33},"end":{"line":10,"column":89}},"4":{"start":{"line":12,"column":12},"end":{"line":16,"column":13}},"5":{"start":{"line":13,"column":16},"end":{"line":13,"column":51}},"6":{"start":{"line":15,"column":16},"end":{"line":15,"column":78}},"7":{"start":{"line":18,"column":12},"end":{"line":18,"column":64}},"8":{"start":{"line":19,"column":12},"end":{"line":19,"column":74}},"9":{"start":{"line":23,"column":8},"end":{"line":29,"column":9}},"10":{"start":{"line":24,"column":31},"end":{"line":24,"column":72}},"11":{"start":{"line":25,"column":12},"end":{"line":25,"column":45}},"12":{"start":{"line":27,"column":12},"end":{"line":27,"column":64}},"13":{"start":{"line":28,"column":12},"end":{"line":28,"column":74}},"14":{"start":{"line":33,"column":23},"end":{"line":33,"column":33}},"15":{"start":{"line":34,"column":8},"end":{"line":44,"column":9}},"16":{"start":{"line":35,"column":30},"end":{"line":35,"column":83}},"17":{"start":{"line":36,"column":12},"end":{"line":40,"column":13}},"18":{"start":{"line":37,"column":16},"end":{"line":37,"column":48}},"19":{"start":{"line":39,"column":16},"end":{"line":39,"column":97}},"20":{"start":{"line":42,"column":12},"end":{"line":42,"column":73}},"21":{"start":{"line":43,"column":12},"end":{"line":43,"column":83}},"22":{"start":{"line":50,"column":23},"end":{"line":50,"column":33}},"23":{"start":{"line":51,"column":37},"end":{"line":51,"column":45}},"24":{"start":{"line":52,"column":8},"end":{"line":62,"column":9}},"25":{"start":{"line":53,"column":37},"end":{"line":53,"column":107}},"26":{"start":{"line":54,"column":12},"end":{"line":58,"column":13}},"27":{"start":{"line":55,"column":16},"end":{"line":55,"column":55}},"28":{"start":{"line":57,"column":16},"end":{"line":57,"column":79}},"29":{"start":{"line":60,"column":12},"end":{"line":60,"column":66}},"30":{"start":{"line":61,"column":12},"end":{"line":61,"column":76}},"31":{"start":{"line":66,"column":23},"end":{"line":66,"column":33}},"32":{"start":{"line":67,"column":8},"end":{"line":77,"column":9}},"33":{"start":{"line":68,"column":37},"end":{"line":68,"column":89}},"34":{"start":{"line":69,"column":12},"end":{"line":73,"column":13}},"35":{"start":{"line":70,"column":16},"end":{"line":70,"column":86}},"36":{"start":{"line":72,"column":16},"end":{"line":72,"column":79}},"37":{"start":{"line":75,"column":12},"end":{"line":75,"column":65}},"38":{"start":{"line":76,"column":12},"end":{"line":76,"column":74}},"39":{"start":{"line":81,"column":0},"end":{"line":81,"column":35}}},"fnMap":{"0":{"name":"(anonymous_8)","decl":{"start":{"line":7,"column":11},"end":{"line":7,"column":26}},"loc":{"start":{"line":7,"column":54},"end":{"line":21,"column":null}}},"1":{"name":"(anonymous_10)","decl":{"start":{"line":22,"column":10},"end":{"line":22,"column":26}},"loc":{"start":{"line":22,"column":54},"end":{"line":30,"column":null}}},"2":{"name":"(anonymous_12)","decl":{"start":{"line":32,"column":10},"end":{"line":32,"column":26}},"loc":{"start":{"line":32,"column":54},"end":{"line":45,"column":null}}},"3":{"name":"(anonymous_14)","decl":{"start":{"line":49,"column":10},"end":{"line":49,"column":25}},"loc":{"start":{"line":49,"column":53},"end":{"line":63,"column":null}}},"4":{"name":"(anonymous_16)","decl":{"start":{"line":65,"column":10},"end":{"line":65,"column":25}},"loc":{"start":{"line":65,"column":53},"end":{"line":78,"column":null}}}},"branchMap":{"0":{"loc":{"start":{"line":12,"column":12},"end":{"line":16,"column":13}},"type":"if","locations":[{"start":{"line":12,"column":12},"end":{"line":16,"column":13}},{"start":{"line":14,"column":19},"end":{"line":16,"column":13}}]},"1":{"loc":{"start":{"line":36,"column":12},"end":{"line":40,"column":13}},"type":"if","locations":[{"start":{"line":36,"column":12},"end":{"line":40,"column":13}},{"start":{"line":38,"column":19},"end":{"line":40,"column":13}}]},"2":{"loc":{"start":{"line":54,"column":12},"end":{"line":58,"column":13}},"type":"if","locations":[{"start":{"line":54,"column":12},"end":{"line":58,"column":13}},{"start":{"line":56,"column":19},"end":{"line":58,"column":13}}]},"3":{"loc":{"start":{"line":69,"column":12},"end":{"line":73,"column":13}},"type":"if","locations":[{"start":{"line":69,"column":12},"end":{"line":73,"column":13}},{"start":{"line":71,"column":19},"end":{"line":73,"column":13}}]}},"s":{"0":3,"1":1,"2":1,"3":1,"4":1,"5":1,"6":0,"7":0,"8":0,"9":1,"10":1,"11":1,"12":0,"13":0,"14":1,"15":1,"16":1,"17":1,"18":1,"19":0,"20":0,"21":0,"22":1,"23":1,"24":1,"25":1,"26":1,"27":1,"28":0,"29":0,"30":0,"31":1,"32":1,"33":1,"34":1,"35":1,"36":0,"37":0,"38":0,"39":3},"f":{"0":1,"1":1,"2":1,"3":1,"4":1},"b":{"0":[1,0],"1":[1,0],"2":[1,0],"3":[1,0]}}
,"C:\\Users\\natha\\Desktop\\desafioProfissionalTrabalho\\desafioProfissionalTrabalho\\controllers\\comicController.ts": {"path":"C:\\Users\\natha\\Desktop\\desafioProfissionalTrabalho\\desafioProfissionalTrabalho\\controllers\\comicController.ts","statementMap":{"0":{"start":{"line":3,"column":0},"end":{"line":3,"column":56}},"1":{"start":{"line":7,"column":8},"end":{"line":13,"column":9}},"2":{"start":{"line":8,"column":27},"end":{"line":8,"column":60}},"3":{"start":{"line":9,"column":12},"end":{"line":9,"column":41}},"4":{"start":{"line":11,"column":12},"end":{"line":11,"column":72}},"5":{"start":{"line":12,"column":12},"end":{"line":12,"column":82}},"6":{"start":{"line":17,"column":8},"end":{"line":28,"column":9}},"7":{"start":{"line":18,"column":23},"end":{"line":18,"column":46}},"8":{"start":{"line":19,"column":26},"end":{"line":19,"column":61}},"9":{"start":{"line":20,"column":12},"end":{"line":24,"column":13}},"10":{"start":{"line":21,"column":16},"end":{"line":21,"column":44}},"11":{"start":{"line":23,"column":16},"end":{"line":23,"column":76}},"12":{"start":{"line":26,"column":12},"end":{"line":26,"column":69}},"13":{"start":{"line":27,"column":12},"end":{"line":27,"column":79}},"14":{"start":{"line":32,"column":8},"end":{"line":43,"column":9}},"15":{"start":{"line":33,"column":72},"end":{"line":33,"column":80}},"16":{"start":{"line":34,"column":31},"end":{"line":34,"column":97}},"17":{"start":{"line":35,"column":12},"end":{"line":39,"column":13}},"18":{"start":{"line":36,"column":16},"end":{"line":36,"column":57}},"19":{"start":{"line":38,"column":16},"end":{"line":38,"column":75}},"20":{"start":{"line":41,"column":12},"end":{"line":41,"column":61}},"21":{"start":{"line":42,"column":12},"end":{"line":42,"column":71}},"22":{"start":{"line":47,"column":8},"end":{"line":59,"column":9}},"23":{"start":{"line":48,"column":23},"end":{"line":48,"column":46}},"24":{"start":{"line":49,"column":72},"end":{"line":49,"column":80}},"25":{"start":{"line":50,"column":28},"end":{"line":50,"column":98}},"26":{"start":{"line":51,"column":12},"end":{"line":55,"column":13}},"27":{"start":{"line":52,"column":16},"end":{"line":52,"column":86}},"28":{"start":{"line":54,"column":16},"end":{"line":54,"column":76}},"29":{"start":{"line":57,"column":12},"end":{"line":57,"column":65}},"30":{"start":{"line":58,"column":12},"end":{"line":58,"column":75}},"31":{"start":{"line":63,"column":8},"end":{"line":74,"column":9}},"32":{"start":{"line":64,"column":23},"end":{"line":64,"column":46}},"33":{"start":{"line":65,"column":28},"end":{"line":65,"column":62}},"34":{"start":{"line":66,"column":12},"end":{"line":70,"column":13}},"35":{"start":{"line":67,"column":16},"end":{"line":67,"column":84}},"36":{"start":{"line":69,"column":16},"end":{"line":69,"column":76}},"37":{"start":{"line":72,"column":12},"end":{"line":72,"column":63}},"38":{"start":{"line":73,"column":12},"end":{"line":73,"column":73}},"39":{"start":{"line":77,"column":0},"end":{"line":77,"column":31}}},"fnMap":{"0":{"name":"(anonymous_7)","decl":{"start":{"line":6,"column":4},"end":{"line":6,"column":10}},"loc":{"start":{"line":6,"column":57},"end":{"line":14,"column":null}}},"1":{"name":"(anonymous_9)","decl":{"start":{"line":16,"column":4},"end":{"line":16,"column":10}},"loc":{"start":{"line":16,"column":57},"end":{"line":29,"column":null}}},"2":{"name":"(anonymous_11)","decl":{"start":{"line":31,"column":4},"end":{"line":31,"column":10}},"loc":{"start":{"line":31,"column":56},"end":{"line":44,"column":null}}},"3":{"name":"(anonymous_13)","decl":{"start":{"line":46,"column":4},"end":{"line":46,"column":10}},"loc":{"start":{"line":46,"column":56},"end":{"line":60,"column":null}}},"4":{"name":"(anonymous_15)","decl":{"start":{"line":62,"column":4},"end":{"line":62,"column":10}},"loc":{"start":{"line":62,"column":56},"end":{"line":75,"column":null}}}},"branchMap":{"0":{"loc":{"start":{"line":20,"column":12},"end":{"line":24,"column":13}},"type":"if","locations":[{"start":{"line":20,"column":12},"end":{"line":24,"column":13}},{"start":{"line":22,"column":19},"end":{"line":24,"column":13}}]},"1":{"loc":{"start":{"line":35,"column":12},"end":{"line":39,"column":13}},"type":"if","locations":[{"start":{"line":35,"column":12},"end":{"line":39,"column":13}},{"start":{"line":37,"column":19},"end":{"line":39,"column":13}}]},"2":{"loc":{"start":{"line":51,"column":12},"end":{"line":55,"column":13}},"type":"if","locations":[{"start":{"line":51,"column":12},"end":{"line":55,"column":13}},{"start":{"line":53,"column":19},"end":{"line":55,"column":13}}]},"3":{"loc":{"start":{"line":66,"column":12},"end":{"line":70,"column":13}},"type":"if","locations":[{"start":{"line":66,"column":12},"end":{"line":70,"column":13}},{"start":{"line":68,"column":19},"end":{"line":70,"column":13}}]}},"s":{"0":3,"1":1,"2":1,"3":1,"4":0,"5":0,"6":1,"7":1,"8":1,"9":1,"10":1,"11":0,"12":0,"13":0,"14":0,"15":0,"16":0,"17":0,"18":0,"19":0,"20":0,"21":0,"22":1,"23":1,"24":1,"25":1,"26":1,"27":1,"28":0,"29":0,"30":0,"31":1,"32":1,"33":1,"34":1,"35":1,"36":0,"37":0,"38":0,"39":3},"f":{"0":1,"1":1,"2":0,"3":1,"4":1},"b":{"0":[1,0],"1":[0,0],"2":[1,0],"3":[1,0]}}
,"C:\\Users\\natha\\Desktop\\desafioProfissionalTrabalho\\desafioProfissionalTrabalho\\controllers\\creatorController.ts": {"path":"C:\\Users\\natha\\Desktop\\desafioProfissionalTrabalho\\desafioProfissionalTrabalho\\controllers\\creatorController.ts","statementMap":{"0":{"start":{"line":2,"column":0},"end":{"line":2,"column":60}},"1":{"start":{"line":6,"column":40},"end":{"line":6,"column":48}},"2":{"start":{"line":8,"column":8},"end":{"line":14,"column":9}},"3":{"start":{"line":9,"column":12},"end":{"line":9,"column":68}},"4":{"start":{"line":10,"column":12},"end":{"line":10,"column":78}},"5":{"start":{"line":12,"column":12},"end":{"line":12,"column":59}},"6":{"start":{"line":13,"column":12},"end":{"line":13,"column":69}},"7":{"start":{"line":18,"column":8},"end":{"line":24,"column":9}},"8":{"start":{"line":19,"column":29},"end":{"line":19,"column":66}},"9":{"start":{"line":20,"column":12},"end":{"line":20,"column":43}},"10":{"start":{"line":22,"column":12},"end":{"line":22,"column":61}},"11":{"start":{"line":23,"column":12},"end":{"line":23,"column":71}},"12":{"start":{"line":28,"column":23},"end":{"line":28,"column":33}},"13":{"start":{"line":30,"column":8},"end":{"line":40,"column":9}},"14":{"start":{"line":31,"column":28},"end":{"line":31,"column":77}},"15":{"start":{"line":32,"column":12},"end":{"line":36,"column":13}},"16":{"start":{"line":33,"column":16},"end":{"line":33,"column":46}},"17":{"start":{"line":35,"column":16},"end":{"line":35,"column":78}},"18":{"start":{"line":38,"column":12},"end":{"line":38,"column":66}},"19":{"start":{"line":39,"column":12},"end":{"line":39,"column":76}},"20":{"start":{"line":44,"column":23},"end":{"line":44,"column":33}},"21":{"start":{"line":45,"column":46},"end":{"line":45,"column":54}},"22":{"start":{"line":47,"column":8},"end":{"line":57,"column":9}},"23":{"start":{"line":48,"column":28},"end":{"line":48,"column":103}},"24":{"start":{"line":49,"column":12},"end":{"line":53,"column":13}},"25":{"start":{"line":50,"column":16},"end":{"line":50,"column":86}},"26":{"start":{"line":52,"column":16},"end":{"line":52,"column":78}},"27":{"start":{"line":55,"column":12},"end":{"line":55,"column":63}},"28":{"start":{"line":56,"column":12},"end":{"line":56,"column":73}},"29":{"start":{"line":61,"column":23},"end":{"line":61,"column":33}},"30":{"start":{"line":63,"column":8},"end":{"line":73,"column":9}},"31":{"start":{"line":64,"column":28},"end":{"line":64,"column":76}},"32":{"start":{"line":65,"column":12},"end":{"line":69,"column":13}},"33":{"start":{"line":66,"column":16},"end":{"line":66,"column":84}},"34":{"start":{"line":68,"column":16},"end":{"line":68,"column":78}},"35":{"start":{"line":71,"column":12},"end":{"line":71,"column":61}},"36":{"start":{"line":72,"column":12},"end":{"line":72,"column":71}},"37":{"start":{"line":76,"column":0},"end":{"line":76,"column":33}}},"fnMap":{"0":{"name":"(anonymous_7)","decl":{"start":{"line":5,"column":4},"end":{"line":5,"column":10}},"loc":{"start":{"line":5,"column":58},"end":{"line":15,"column":null}}},"1":{"name":"(anonymous_9)","decl":{"start":{"line":17,"column":4},"end":{"line":17,"column":10}},"loc":{"start":{"line":17,"column":59},"end":{"line":25,"column":null}}},"2":{"name":"(anonymous_11)","decl":{"start":{"line":27,"column":4},"end":{"line":27,"column":10}},"loc":{"start":{"line":27,"column":59},"end":{"line":41,"column":null}}},"3":{"name":"(anonymous_13)","decl":{"start":{"line":43,"column":4},"end":{"line":43,"column":10}},"loc":{"start":{"line":43,"column":58},"end":{"line":58,"column":null}}},"4":{"name":"(anonymous_15)","decl":{"start":{"line":60,"column":4},"end":{"line":60,"column":10}},"loc":{"start":{"line":60,"column":58},"end":{"line":74,"column":null}}}},"branchMap":{"0":{"loc":{"start":{"line":32,"column":12},"end":{"line":36,"column":13}},"type":"if","locations":[{"start":{"line":32,"column":12},"end":{"line":36,"column":13}},{"start":{"line":34,"column":19},"end":{"line":36,"column":13}}]},"1":{"loc":{"start":{"line":49,"column":12},"end":{"line":53,"column":13}},"type":"if","locations":[{"start":{"line":49,"column":12},"end":{"line":53,"column":13}},{"start":{"line":51,"column":19},"end":{"line":53,"column":13}}]},"2":{"loc":{"start":{"line":65,"column":12},"end":{"line":69,"column":13}},"type":"if","locations":[{"start":{"line":65,"column":12},"end":{"line":69,"column":13}},{"start":{"line":67,"column":19},"end":{"line":69,"column":13}}]}},"s":{"0":3,"1":1,"2":1,"3":1,"4":1,"5":0,"6":0,"7":1,"8":1,"9":1,"10":0,"11":0,"12":1,"13":1,"14":1,"15":1,"16":1,"17":0,"18":0,"19":0,"20":1,"21":1,"22":1,"23":1,"24":1,"25":1,"26":0,"27":0,"28":0,"29":1,"30":1,"31":1,"32":1,"33":1,"34":0,"35":0,"36":0,"37":3},"f":{"0":1,"1":1,"2":1,"3":1,"4":1},"b":{"0":[1,0],"1":[1,0],"2":[1,0]}}
,"C:\\Users\\natha\\Desktop\\desafioProfissionalTrabalho\\desafioProfissionalTrabalho\\controllers\\marvelController.ts": {"path":"C:\\Users\\natha\\Desktop\\desafioProfissionalTrabalho\\desafioProfissionalTrabalho\\controllers\\marvelController.ts","statementMap":{"0":{"start":{"line":1,"column":0},"end":{"line":1,"column":26}},"1":{"start":{"line":3,"column":0},"end":{"line":3,"column":28}},"2":{"start":{"line":4,"column":0},"end":{"line":4,"column":56}},"3":{"start":{"line":5,"column":0},"end":{"line":5,"column":60}},"4":{"start":{"line":8,"column":18},"end":{"line":8,"column":52}},"5":{"start":{"line":9,"column":19},"end":{"line":9,"column":61}},"6":{"start":{"line":10,"column":11},"end":{"line":10,"column":15}},"7":{"start":{"line":11,"column":13},"end":{"line":11,"column":87}},"8":{"start":{"line":13,"column":18},"end":{"line":15,"column":2}},"9":{"start":{"line":21,"column":8},"end":{"line":21,"column":49}},"10":{"start":{"line":26,"column":8},"end":{"line":33,"column":9}},"11":{"start":{"line":27,"column":29},"end":{"line":27,"column":137}},"12":{"start":{"line":28,"column":27},"end":{"line":28,"column":55}},"13":{"start":{"line":29,"column":12},"end":{"line":29,"column":32}},"14":{"start":{"line":31,"column":12},"end":{"line":31,"column":71}},"15":{"start":{"line":32,"column":12},"end":{"line":32,"column":22}},"16":{"start":{"line":39,"column":8},"end":{"line":62,"column":9}},"17":{"start":{"line":40,"column":27},"end":{"line":40,"column":53}},"18":{"start":{"line":41,"column":12},"end":{"line":44,"column":13}},"19":{"start":{"line":42,"column":16},"end":{"line":42,"column":84}},"20":{"start":{"line":43,"column":16},"end":{"line":43,"column":113}},"21":{"start":{"line":46,"column":12},"end":{"line":55,"column":13}},"22":{"start":{"line":47,"column":75},"end":{"line":47,"column":80}},"23":{"start":{"line":48,"column":29},"end":{"line":48,"column":52}},"24":{"start":{"line":50,"column":32},"end":{"line":50,"column":99}},"25":{"start":{"line":52,"column":16},"end":{"line":54,"column":20}},"26":{"start":{"line":52,"column":76},"end":{"line":54,"column":18}},"27":{"start":{"line":53,"column":20},"end":{"line":53,"column":92}},"28":{"start":{"line":57,"column":12},"end":{"line":57,"column":66}},"29":{"start":{"line":58,"column":12},"end":{"line":58,"column":88}},"30":{"start":{"line":60,"column":12},"end":{"line":60,"column":72}},"31":{"start":{"line":61,"column":12},"end":{"line":61,"column":84}},"32":{"start":{"line":67,"column":0},"end":{"line":67,"column":32}}},"fnMap":{"0":{"name":"(anonymous_8)","decl":{"start":{"line":20,"column":11},"end":{"line":20,"column":17}},"loc":{"start":{"line":20,"column":60},"end":{"line":22,"column":5}}},"1":{"name":"(anonymous_9)","decl":{"start":{"line":25,"column":10},"end":{"line":25,"column":23}},"loc":{"start":{"line":25,"column":23},"end":{"line":34,"column":null}}},"2":{"name":"(anonymous_11)","decl":{"start":{"line":38,"column":10},"end":{"line":38,"column":22}},"loc":{"start":{"line":38,"column":50},"end":{"line":63,"column":null}}},"3":{"name":"(anonymous_13)","decl":{"start":{"line":52,"column":53},"end":{"line":52,"column":60}},"loc":{"start":{"line":52,"column":76},"end":{"line":54,"column":18}}},"4":{"name":"(anonymous_14)","decl":{"start":{"line":52,"column":76},"end":{"line":52,"column":null}},"loc":{"start":{"line":52,"column":76},"end":{"line":54,"column":17}}}},"branchMap":{"0":{"loc":{"start":{"line":28,"column":27},"end":{"line":28,"column":55}},"type":"cond-expr","locations":[{"start":{"line":28,"column":46},"end":{"line":28,"column":48}},{"start":{"line":28,"column":46},"end":{"line":28,"column":55}}]},"1":{"loc":{"start":{"line":28,"column":27},"end":{"line":28,"column":48}},"type":"binary-expr","locations":[{"start":{"line":28,"column":27},"end":{"line":28,"column":48}},{"start":{"line":28,"column":46},"end":{"line":28,"column":48}}]},"2":{"loc":{"start":{"line":28,"column":27},"end":{"line":28,"column":46}},"type":"cond-expr","locations":[{"start":{"line":28,"column":40},"end":{"line":28,"column":42}},{"start":{"line":28,"column":40},"end":{"line":28,"column":46}}]},"3":{"loc":{"start":{"line":28,"column":27},"end":{"line":28,"column":42}},"type":"binary-expr","locations":[{"start":{"line":28,"column":27},"end":{"line":28,"column":42}},{"start":{"line":28,"column":40},"end":{"line":28,"column":42}}]},"4":{"loc":{"start":{"line":29,"column":19},"end":{"line":29,"column":31}},"type":"binary-expr","locations":[{"start":{"line":29,"column":19},"end":{"line":29,"column":25}},{"start":{"line":29,"column":29},"end":{"line":29,"column":31}}]},"5":{"loc":{"start":{"line":41,"column":12},"end":{"line":44,"column":13}},"type":"if","locations":[{"start":{"line":41,"column":12},"end":{"line":44,"column":13}}]}},"s":{"0":3,"1":3,"2":3,"3":3,"4":3,"5":3,"6":3,"7":3,"8":3,"9":3,"10":1,"11":1,"12":1,"13":1,"14":0,"15":0,"16":1,"17":1,"18":1,"19":0,"20":0,"21":1,"22":1,"23":1,"24":1,"25":1,"26":12,"27":12,"28":1,"29":1,"30":0,"31":0,"32":3},"f":{"0":3,"1":1,"2":1,"3":12,"4":12},"b":{"0":[0,1],"1":[1,1],"2":[0,1],"3":[1,1],"4":[1,0],"5":[0]}}
,"C:\\Users\\natha\\Desktop\\desafioProfissionalTrabalho\\desafioProfissionalTrabalho\\services\\characterService.ts": {"path":"C:\\Users\\natha\\Desktop\\desafioProfissionalTrabalho\\desafioProfissionalTrabalho\\services\\characterService.ts","statementMap":{"0":{"start":{"line":8,"column":8},"end":{"line":8,"column":49}},"1":{"start":{"line":13,"column":8},"end":{"line":22,"column":11}},"2":{"start":{"line":14,"column":12},"end":{"line":21,"column":15}},"3":{"start":{"line":15,"column":16},"end":{"line":20,"column":17}},"4":{"start":{"line":16,"column":20},"end":{"line":16,"column":75}},"5":{"start":{"line":17,"column":20},"end":{"line":17,"column":31}},"6":{"start":{"line":19,"column":20},"end":{"line":19,"column":37}},"7":{"start":{"line":26,"column":8},"end":{"line":39,"column":11}},"8":{"start":{"line":27,"column":12},"end":{"line":38,"column":15}},"9":{"start":{"line":28,"column":16},"end":{"line":37,"column":17}},"10":{"start":{"line":29,"column":20},"end":{"line":29,"column":82}},"11":{"start":{"line":30,"column":20},"end":{"line":30,"column":33}},"12":{"start":{"line":32,"column":20},"end":{"line":36,"column":21}},"13":{"start":{"line":33,"column":24},"end":{"line":33,"column":44}},"14":{"start":{"line":35,"column":24},"end":{"line":35,"column":38}},"15":{"start":{"line":43,"column":8},"end":{"line":57,"column":11}},"16":{"start":{"line":44,"column":12},"end":{"line":56,"column":14}},"17":{"start":{"line":48,"column":20},"end":{"line":54,"column":21}},"18":{"start":{"line":49,"column":24},"end":{"line":49,"column":79}},"19":{"start":{"line":50,"column":24},"end":{"line":50,"column":37}},"20":{"start":{"line":52,"column":24},"end":{"line":52,"column":91}},"21":{"start":{"line":53,"column":24},"end":{"line":53,"column":50}},"22":{"start":{"line":61,"column":8},"end":{"line":79,"column":11}},"23":{"start":{"line":62,"column":12},"end":{"line":78,"column":14}},"24":{"start":{"line":66,"column":20},"end":{"line":76,"column":21}},"25":{"start":{"line":67,"column":24},"end":{"line":67,"column":68}},"26":{"start":{"line":68,"column":24},"end":{"line":68,"column":38}},"27":{"start":{"line":70,"column":24},"end":{"line":75,"column":25}},"28":{"start":{"line":71,"column":28},"end":{"line":71,"column":77}},"29":{"start":{"line":72,"column":28},"end":{"line":72,"column":42}},"30":{"start":{"line":74,"column":28},"end":{"line":74,"column":43}},"31":{"start":{"line":83,"column":8},"end":{"line":97,"column":11}},"32":{"start":{"line":84,"column":12},"end":{"line":96,"column":15}},"33":{"start":{"line":85,"column":16},"end":{"line":95,"column":17}},"34":{"start":{"line":86,"column":20},"end":{"line":86,"column":75}},"35":{"start":{"line":87,"column":20},"end":{"line":87,"column":34}},"36":{"start":{"line":89,"column":20},"end":{"line":94,"column":21}},"37":{"start":{"line":90,"column":24},"end":{"line":90,"column":71}},"38":{"start":{"line":91,"column":24},"end":{"line":91,"column":38}},"39":{"start":{"line":93,"column":24},"end":{"line":93,"column":39}},"40":{"start":{"line":103,"column":0},"end":{"line":103,"column":32}}},"fnMap":{"0":{"name":"(anonymous_7)","decl":{"start":{"line":7,"column":4},"end":{"line":7,"column":10}},"loc":{"start":{"line":7,"column":53},"end":{"line":9,"column":5}}},"1":{"name":"(anonymous_8)","decl":{"start":{"line":12,"column":4},"end":{"line":12,"column":10}},"loc":{"start":{"line":12,"column":33},"end":{"line":23,"column":null}}},"2":{"name":"(anonymous_10)","decl":{"start":{"line":13,"column":40},"end":{"line":13,"column":41}},"loc":{"start":{"line":13,"column":60},"end":{"line":22,"column":9}}},"3":{"name":"(anonymous_11)","decl":{"start":{"line":14,"column":75},"end":{"line":14,"column":76}},"loc":{"start":{"line":14,"column":118},"end":{"line":21,"column":13}}},"4":{"name":"(anonymous_12)","decl":{"start":{"line":25,"column":4},"end":{"line":25,"column":10}},"loc":{"start":{"line":25,"column":44},"end":{"line":40,"column":null}}},"5":{"name":"(anonymous_14)","decl":{"start":{"line":26,"column":45},"end":{"line":26,"column":46}},"loc":{"start":{"line":26,"column":65},"end":{"line":39,"column":9}}},"6":{"name":"(anonymous_15)","decl":{"start":{"line":27,"column":94},"end":{"line":27,"column":95}},"loc":{"start":{"line":27,"column":137},"end":{"line":38,"column":13}}},"7":{"name":"(anonymous_16)","decl":{"start":{"line":42,"column":3},"end":{"line":42,"column":9}},"loc":{"start":{"line":42,"column":64},"end":{"line":58,"column":null}}},"8":{"name":"(anonymous_18)","decl":{"start":{"line":43,"column":42},"end":{"line":43,"column":43}},"loc":{"start":{"line":43,"column":62},"end":{"line":57,"column":9}}},"9":{"name":"(anonymous_19)","decl":{"start":{"line":47,"column":16},"end":{"line":47,"column":17}},"loc":{"start":{"line":47,"column":59},"end":{"line":55,"column":17}}},"10":{"name":"(anonymous_20)","decl":{"start":{"line":60,"column":4},"end":{"line":60,"column":10}},"loc":{"start":{"line":60,"column":77},"end":{"line":80,"column":null}}},"11":{"name":"(anonymous_22)","decl":{"start":{"line":61,"column":36},"end":{"line":61,"column":37}},"loc":{"start":{"line":61,"column":56},"end":{"line":79,"column":9}}},"12":{"name":"(anonymous_23)","decl":{"start":{"line":65,"column":16},"end":{"line":65,"column":17}},"loc":{"start":{"line":65,"column":59},"end":{"line":77,"column":17}}},"13":{"name":"(anonymous_24)","decl":{"start":{"line":82,"column":1},"end":{"line":82,"column":7}},"loc":{"start":{"line":82,"column":41},"end":{"line":98,"column":null}}},"14":{"name":"(anonymous_26)","decl":{"start":{"line":83,"column":36},"end":{"line":83,"column":37}},"loc":{"start":{"line":83,"column":56},"end":{"line":97,"column":9}}},"15":{"name":"(anonymous_27)","decl":{"start":{"line":84,"column":92},"end":{"line":84,"column":93}},"loc":{"start":{"line":84,"column":135},"end":{"line":96,"column":13}}}},"branchMap":{"0":{"loc":{"start":{"line":15,"column":16},"end":{"line":20,"column":17}},"type":"if","locations":[{"start":{"line":15,"column":16},"end":{"line":20,"column":17}},{"start":{"line":18,"column":23},"end":{"line":20,"column":17}}]},"1":{"loc":{"start":{"line":28,"column":16},"end":{"line":37,"column":17}},"type":"if","locations":[{"start":{"line":28,"column":16},"end":{"line":37,"column":17}},{"start":{"line":31,"column":23},"end":{"line":37,"column":17}}]},"2":{"loc":{"start":{"line":32,"column":20},"end":{"line":36,"column":21}},"type":"if","locations":[{"start":{"line":32,"column":20},"end":{"line":36,"column":21}},{"start":{"line":34,"column":27},"end":{"line":36,"column":21}}]},"3":{"loc":{"start":{"line":48,"column":20},"end":{"line":54,"column":21}},"type":"if","locations":[{"start":{"line":48,"column":20},"end":{"line":54,"column":21}},{"start":{"line":51,"column":27},"end":{"line":54,"column":21}}]},"4":{"loc":{"start":{"line":66,"column":20},"end":{"line":76,"column":21}},"type":"if","locations":[{"start":{"line":66,"column":20},"end":{"line":76,"column":21}},{"start":{"line":69,"column":27},"end":{"line":76,"column":21}}]},"5":{"loc":{"start":{"line":70,"column":24},"end":{"line":75,"column":25}},"type":"if","locations":[{"start":{"line":70,"column":24},"end":{"line":75,"column":25}},{"start":{"line":73,"column":31},"end":{"line":75,"column":25}}]},"6":{"loc":{"start":{"line":85,"column":16},"end":{"line":95,"column":17}},"type":"if","locations":[{"start":{"line":85,"column":16},"end":{"line":95,"column":17}},{"start":{"line":88,"column":23},"end":{"line":95,"column":17}}]},"7":{"loc":{"start":{"line":89,"column":20},"end":{"line":94,"column":21}},"type":"if","locations":[{"start":{"line":89,"column":20},"end":{"line":94,"column":21}},{"start":{"line":92,"column":27},"end":{"line":94,"column":21}}]}},"s":{"0":3,"1":1,"2":1,"3":1,"4":0,"5":0,"6":1,"7":1,"8":1,"9":1,"10":0,"11":0,"12":1,"13":1,"14":0,"15":1,"16":1,"17":1,"18":0,"19":0,"20":1,"21":1,"22":1,"23":1,"24":1,"25":0,"26":0,"27":1,"28":1,"29":1,"30":0,"31":1,"32":1,"33":1,"34":0,"35":0,"36":1,"37":1,"38":1,"39":0,"40":3},"f":{"0":3,"1":1,"2":1,"3":1,"4":1,"5":1,"6":1,"7":1,"8":1,"9":1,"10":1,"11":1,"12":1,"13":1,"14":1,"15":1},"b":{"0":[0,1],"1":[0,1],"2":[1,0],"3":[0,1],"4":[0,1],"5":[1,0],"6":[0,1],"7":[1,0]}}
,"C:\\Users\\natha\\Desktop\\desafioProfissionalTrabalho\\desafioProfissionalTrabalho\\services\\comicService.ts": {"path":"C:\\Users\\natha\\Desktop\\desafioProfissionalTrabalho\\desafioProfissionalTrabalho\\services\\comicService.ts","statementMap":{"0":{"start":{"line":3,"column":0},"end":{"line":3,"column":28}},"1":{"start":{"line":6,"column":18},"end":{"line":6,"column":52}},"2":{"start":{"line":7,"column":19},"end":{"line":7,"column":61}},"3":{"start":{"line":8,"column":11},"end":{"line":8,"column":15}},"4":{"start":{"line":9,"column":13},"end":{"line":9,"column":87}},"5":{"start":{"line":15,"column":8},"end":{"line":15,"column":45}},"6":{"start":{"line":21,"column":8},"end":{"line":29,"column":11}},"7":{"start":{"line":22,"column":12},"end":{"line":28,"column":19}},"8":{"start":{"line":25,"column":20},"end":{"line":25,"column":45}},"9":{"start":{"line":25,"column":31},"end":{"line":25,"column":45}},"10":{"start":{"line":26,"column":20},"end":{"line":26,"column":85}},"11":{"start":{"line":27,"column":20},"end":{"line":27,"column":46}},"12":{"start":{"line":34,"column":8},"end":{"line":43,"column":11}},"13":{"start":{"line":35,"column":12},"end":{"line":42,"column":15}},"14":{"start":{"line":36,"column":16},"end":{"line":41,"column":17}},"15":{"start":{"line":37,"column":20},"end":{"line":37,"column":71}},"16":{"start":{"line":38,"column":20},"end":{"line":38,"column":31}},"17":{"start":{"line":40,"column":20},"end":{"line":40,"column":37}},"18":{"start":{"line":47,"column":8},"end":{"line":60,"column":11}},"19":{"start":{"line":48,"column":12},"end":{"line":59,"column":15}},"20":{"start":{"line":49,"column":16},"end":{"line":58,"column":17}},"21":{"start":{"line":50,"column":20},"end":{"line":50,"column":77}},"22":{"start":{"line":51,"column":20},"end":{"line":51,"column":33}},"23":{"start":{"line":53,"column":20},"end":{"line":57,"column":21}},"24":{"start":{"line":54,"column":24},"end":{"line":54,"column":44}},"25":{"start":{"line":56,"column":24},"end":{"line":56,"column":38}},"26":{"start":{"line":64,"column":8},"end":{"line":78,"column":11}},"27":{"start":{"line":65,"column":12},"end":{"line":77,"column":14}},"28":{"start":{"line":69,"column":20},"end":{"line":75,"column":21}},"29":{"start":{"line":70,"column":24},"end":{"line":70,"column":75}},"30":{"start":{"line":71,"column":24},"end":{"line":71,"column":37}},"31":{"start":{"line":73,"column":24},"end":{"line":73,"column":89}},"32":{"start":{"line":74,"column":24},"end":{"line":74,"column":50}},"33":{"start":{"line":82,"column":8},"end":{"line":96,"column":11}},"34":{"start":{"line":83,"column":12},"end":{"line":95,"column":14}},"35":{"start":{"line":87,"column":20},"end":{"line":93,"column":21}},"36":{"start":{"line":88,"column":24},"end":{"line":88,"column":77}},"37":{"start":{"line":89,"column":24},"end":{"line":89,"column":38}},"38":{"start":{"line":91,"column":24},"end":{"line":91,"column":72}},"39":{"start":{"line":92,"column":24},"end":{"line":92,"column":38}},"40":{"start":{"line":100,"column":8},"end":{"line":120,"column":11}},"41":{"start":{"line":101,"column":12},"end":{"line":109,"column":15}},"42":{"start":{"line":102,"column":16},"end":{"line":108,"column":17}},"43":{"start":{"line":103,"column":20},"end":{"line":103,"column":71}},"44":{"start":{"line":104,"column":20},"end":{"line":104,"column":34}},"45":{"start":{"line":106,"column":20},"end":{"line":106,"column":67}},"46":{"start":{"line":111,"column":12},"end":{"line":119,"column":15}},"47":{"start":{"line":112,"column":16},"end":{"line":118,"column":17}},"48":{"start":{"line":113,"column":20},"end":{"line":113,"column":71}},"49":{"start":{"line":114,"column":20},"end":{"line":114,"column":34}},"50":{"start":{"line":116,"column":20},"end":{"line":116,"column":66}},"51":{"start":{"line":117,"column":20},"end":{"line":117,"column":34}},"52":{"start":{"line":11,"column":0},"end":{"line":11,"column":13}}},"fnMap":{"0":{"name":"(anonymous_8)","decl":{"start":{"line":14,"column":4},"end":{"line":14,"column":10}},"loc":{"start":{"line":14,"column":53},"end":{"line":16,"column":5}}},"1":{"name":"(anonymous_9)","decl":{"start":{"line":20,"column":4},"end":{"line":20,"column":10}},"loc":{"start":{"line":20,"column":91},"end":{"line":30,"column":null}}},"2":{"name":"(anonymous_11)","decl":{"start":{"line":21,"column":27},"end":{"line":21,"column":28}},"loc":{"start":{"line":21,"column":47},"end":{"line":29,"column":9}}},"3":{"name":"(anonymous_12)","decl":{"start":{"line":24,"column":16},"end":{"line":24,"column":17}},"loc":{"start":{"line":24,"column":59},"end":{"line":28,"column":17}}},"4":{"name":"(anonymous_13)","decl":{"start":{"line":33,"column":4},"end":{"line":33,"column":10}},"loc":{"start":{"line":33,"column":29},"end":{"line":44,"column":null}}},"5":{"name":"(anonymous_15)","decl":{"start":{"line":34,"column":34},"end":{"line":34,"column":35}},"loc":{"start":{"line":34,"column":54},"end":{"line":43,"column":9}}},"6":{"name":"(anonymous_16)","decl":{"start":{"line":35,"column":70},"end":{"line":35,"column":71}},"loc":{"start":{"line":35,"column":113},"end":{"line":42,"column":13}}},"7":{"name":"(anonymous_17)","decl":{"start":{"line":46,"column":4},"end":{"line":46,"column":10}},"loc":{"start":{"line":46,"column":40},"end":{"line":61,"column":null}}},"8":{"name":"(anonymous_19)","decl":{"start":{"line":47,"column":39},"end":{"line":47,"column":40}},"loc":{"start":{"line":47,"column":59},"end":{"line":60,"column":9}}},"9":{"name":"(anonymous_20)","decl":{"start":{"line":48,"column":89},"end":{"line":48,"column":90}},"loc":{"start":{"line":48,"column":132},"end":{"line":59,"column":13}}},"10":{"name":"(anonymous_21)","decl":{"start":{"line":63,"column":4},"end":{"line":63,"column":10}},"loc":{"start":{"line":63,"column":86},"end":{"line":79,"column":null}}},"11":{"name":"(anonymous_23)","decl":{"start":{"line":64,"column":42},"end":{"line":64,"column":43}},"loc":{"start":{"line":64,"column":62},"end":{"line":78,"column":9}}},"12":{"name":"(anonymous_24)","decl":{"start":{"line":68,"column":16},"end":{"line":68,"column":17}},"loc":{"start":{"line":68,"column":59},"end":{"line":76,"column":17}}},"13":{"name":"(anonymous_25)","decl":{"start":{"line":81,"column":4},"end":{"line":81,"column":10}},"loc":{"start":{"line":81,"column":97},"end":{"line":97,"column":null}}},"14":{"name":"(anonymous_27)","decl":{"start":{"line":82,"column":36},"end":{"line":82,"column":37}},"loc":{"start":{"line":82,"column":56},"end":{"line":96,"column":9}}},"15":{"name":"(anonymous_28)","decl":{"start":{"line":86,"column":16},"end":{"line":86,"column":17}},"loc":{"start":{"line":86,"column":45},"end":{"line":94,"column":17}}},"16":{"name":"(anonymous_29)","decl":{"start":{"line":99,"column":4},"end":{"line":99,"column":10}},"loc":{"start":{"line":99,"column":39},"end":{"line":121,"column":null}}},"17":{"name":"(anonymous_31)","decl":{"start":{"line":100,"column":36},"end":{"line":100,"column":37}},"loc":{"start":{"line":100,"column":56},"end":{"line":120,"column":9}}},"18":{"name":"(anonymous_32)","decl":{"start":{"line":101,"column":96},"end":{"line":101,"column":97}},"loc":{"start":{"line":101,"column":125},"end":{"line":109,"column":13}}},"19":{"name":"(anonymous_33)","decl":{"start":{"line":111,"column":87},"end":{"line":111,"column":88}},"loc":{"start":{"line":111,"column":116},"end":{"line":119,"column":13}}}},"branchMap":{"0":{"loc":{"start":{"line":25,"column":20},"end":{"line":25,"column":45}},"type":"if","locations":[{"start":{"line":25,"column":20},"end":{"line":25,"column":45}}]},"1":{"loc":{"start":{"line":36,"column":16},"end":{"line":41,"column":17}},"type":"if","locations":[{"start":{"line":36,"column":16},"end":{"line":41,"column":17}},{"start":{"line":39,"column":23},"end":{"line":41,"column":17}}]},"2":{"loc":{"start":{"line":49,"column":16},"end":{"line":58,"column":17}},"type":"if","locations":[{"start":{"line":49,"column":16},"end":{"line":58,"column":17}},{"start":{"line":52,"column":23},"end":{"line":58,"column":17}}]},"3":{"loc":{"start":{"line":53,"column":20},"end":{"line":57,"column":21}},"type":"if","locations":[{"start":{"line":53,"column":20},"end":{"line":57,"column":21}},{"start":{"line":55,"column":27},"end":{"line":57,"column":21}}]},"4":{"loc":{"start":{"line":69,"column":20},"end":{"line":75,"column":21}},"type":"if","locations":[{"start":{"line":69,"column":20},"end":{"line":75,"column":21}},{"start":{"line":72,"column":27},"end":{"line":75,"column":21}}]},"5":{"loc":{"start":{"line":87,"column":20},"end":{"line":93,"column":21}},"type":"if","locations":[{"start":{"line":87,"column":20},"end":{"line":93,"column":21}},{"start":{"line":90,"column":27},"end":{"line":93,"column":21}}]},"6":{"loc":{"start":{"line":102,"column":16},"end":{"line":108,"column":17}},"type":"if","locations":[{"start":{"line":102,"column":16},"end":{"line":108,"column":17}},{"start":{"line":105,"column":23},"end":{"line":108,"column":17}}]},"7":{"loc":{"start":{"line":112,"column":16},"end":{"line":118,"column":17}},"type":"if","locations":[{"start":{"line":112,"column":16},"end":{"line":118,"column":17}},{"start":{"line":115,"column":23},"end":{"line":118,"column":17}}]}},"s":{"0":3,"1":3,"2":3,"3":3,"4":3,"5":3,"6":1,"7":1,"8":1,"9":0,"10":1,"11":1,"12":1,"13":1,"14":1,"15":0,"16":0,"17":1,"18":1,"19":1,"20":1,"21":0,"22":0,"23":1,"24":1,"25":0,"26":0,"27":0,"28":0,"29":0,"30":0,"31":0,"32":0,"33":1,"34":1,"35":1,"36":0,"37":0,"38":1,"39":1,"40":1,"41":1,"42":1,"43":0,"44":0,"45":1,"46":1,"47":1,"48":0,"49":0,"50":1,"51":1,"52":3},"f":{"0":3,"1":1,"2":1,"3":1,"4":1,"5":1,"6":1,"7":1,"8":1,"9":1,"10":0,"11":0,"12":0,"13":1,"14":1,"15":1,"16":1,"17":1,"18":1,"19":1},"b":{"0":[0],"1":[0,1],"2":[0,1],"3":[1,0],"4":[0,0],"5":[0,1],"6":[0,1],"7":[0,1]}}
,"C:\\Users\\natha\\Desktop\\desafioProfissionalTrabalho\\desafioProfissionalTrabalho\\services\\creatorService.ts": {"path":"C:\\Users\\natha\\Desktop\\desafioProfissionalTrabalho\\desafioProfissionalTrabalho\\services\\creatorService.ts","statementMap":{"0":{"start":{"line":7,"column":8},"end":{"line":7,"column":47}},"1":{"start":{"line":11,"column":8},"end":{"line":19,"column":11}},"2":{"start":{"line":12,"column":12},"end":{"line":18,"column":19}},"3":{"start":{"line":15,"column":20},"end":{"line":15,"column":45}},"4":{"start":{"line":15,"column":31},"end":{"line":15,"column":45}},"5":{"start":{"line":16,"column":20},"end":{"line":16,"column":83}},"6":{"start":{"line":17,"column":20},"end":{"line":17,"column":30}},"7":{"start":{"line":23,"column":8},"end":{"line":32,"column":11}},"8":{"start":{"line":24,"column":12},"end":{"line":31,"column":15}},"9":{"start":{"line":25,"column":16},"end":{"line":30,"column":17}},"10":{"start":{"line":26,"column":20},"end":{"line":26,"column":73}},"11":{"start":{"line":27,"column":20},"end":{"line":27,"column":31}},"12":{"start":{"line":29,"column":20},"end":{"line":29,"column":37}},"13":{"start":{"line":36,"column":8},"end":{"line":49,"column":11}},"14":{"start":{"line":37,"column":12},"end":{"line":48,"column":15}},"15":{"start":{"line":38,"column":16},"end":{"line":47,"column":17}},"16":{"start":{"line":39,"column":20},"end":{"line":39,"column":78}},"17":{"start":{"line":40,"column":20},"end":{"line":40,"column":33}},"18":{"start":{"line":42,"column":20},"end":{"line":46,"column":21}},"19":{"start":{"line":43,"column":24},"end":{"line":43,"column":44}},"20":{"start":{"line":45,"column":24},"end":{"line":45,"column":38}},"21":{"start":{"line":53,"column":8},"end":{"line":71,"column":11}},"22":{"start":{"line":54,"column":12},"end":{"line":70,"column":14}},"23":{"start":{"line":58,"column":20},"end":{"line":68,"column":21}},"24":{"start":{"line":59,"column":24},"end":{"line":59,"column":77}},"25":{"start":{"line":60,"column":24},"end":{"line":60,"column":38}},"26":{"start":{"line":62,"column":24},"end":{"line":67,"column":25}},"27":{"start":{"line":63,"column":28},"end":{"line":63,"column":74}},"28":{"start":{"line":64,"column":28},"end":{"line":64,"column":42}},"29":{"start":{"line":66,"column":28},"end":{"line":66,"column":43}},"30":{"start":{"line":75,"column":8},"end":{"line":89,"column":11}},"31":{"start":{"line":76,"column":12},"end":{"line":88,"column":15}},"32":{"start":{"line":77,"column":16},"end":{"line":87,"column":17}},"33":{"start":{"line":78,"column":20},"end":{"line":78,"column":71}},"34":{"start":{"line":79,"column":20},"end":{"line":79,"column":34}},"35":{"start":{"line":81,"column":20},"end":{"line":86,"column":21}},"36":{"start":{"line":82,"column":24},"end":{"line":82,"column":68}},"37":{"start":{"line":83,"column":24},"end":{"line":83,"column":38}},"38":{"start":{"line":85,"column":24},"end":{"line":85,"column":39}},"39":{"start":{"line":3,"column":0},"end":{"line":3,"column":13}}},"fnMap":{"0":{"name":"(anonymous_7)","decl":{"start":{"line":6,"column":4},"end":{"line":6,"column":10}},"loc":{"start":{"line":6,"column":53},"end":{"line":8,"column":5}}},"1":{"name":"(anonymous_8)","decl":{"start":{"line":10,"column":4},"end":{"line":10,"column":10}},"loc":{"start":{"line":10,"column":74},"end":{"line":20,"column":null}}},"2":{"name":"(anonymous_10)","decl":{"start":{"line":11,"column":27},"end":{"line":11,"column":28}},"loc":{"start":{"line":11,"column":47},"end":{"line":19,"column":9}}},"3":{"name":"(anonymous_11)","decl":{"start":{"line":14,"column":16},"end":{"line":14,"column":17}},"loc":{"start":{"line":14,"column":59},"end":{"line":18,"column":17}}},"4":{"name":"(anonymous_12)","decl":{"start":{"line":22,"column":4},"end":{"line":22,"column":10}},"loc":{"start":{"line":22,"column":31},"end":{"line":33,"column":null}}},"5":{"name":"(anonymous_14)","decl":{"start":{"line":23,"column":34},"end":{"line":23,"column":35}},"loc":{"start":{"line":23,"column":54},"end":{"line":32,"column":9}}},"6":{"name":"(anonymous_15)","decl":{"start":{"line":24,"column":71},"end":{"line":24,"column":72}},"loc":{"start":{"line":24,"column":114},"end":{"line":31,"column":13}}},"7":{"name":"(anonymous_16)","decl":{"start":{"line":35,"column":4},"end":{"line":35,"column":10}},"loc":{"start":{"line":35,"column":42},"end":{"line":50,"column":null}}},"8":{"name":"(anonymous_18)","decl":{"start":{"line":36,"column":39},"end":{"line":36,"column":40}},"loc":{"start":{"line":36,"column":59},"end":{"line":49,"column":9}}},"9":{"name":"(anonymous_19)","decl":{"start":{"line":37,"column":90},"end":{"line":37,"column":91}},"loc":{"start":{"line":37,"column":133},"end":{"line":48,"column":13}}},"10":{"name":"(anonymous_20)","decl":{"start":{"line":52,"column":4},"end":{"line":52,"column":10}},"loc":{"start":{"line":52,"column":92},"end":{"line":72,"column":null}}},"11":{"name":"(anonymous_22)","decl":{"start":{"line":53,"column":36},"end":{"line":53,"column":37}},"loc":{"start":{"line":53,"column":56},"end":{"line":71,"column":9}}},"12":{"name":"(anonymous_23)","decl":{"start":{"line":57,"column":16},"end":{"line":57,"column":17}},"loc":{"start":{"line":57,"column":59},"end":{"line":69,"column":17}}},"13":{"name":"(anonymous_24)","decl":{"start":{"line":74,"column":4},"end":{"line":74,"column":10}},"loc":{"start":{"line":74,"column":41},"end":{"line":90,"column":null}}},"14":{"name":"(anonymous_26)","decl":{"start":{"line":75,"column":36},"end":{"line":75,"column":37}},"loc":{"start":{"line":75,"column":56},"end":{"line":89,"column":9}}},"15":{"name":"(anonymous_27)","decl":{"start":{"line":76,"column":88},"end":{"line":76,"column":89}},"loc":{"start":{"line":76,"column":131},"end":{"line":88,"column":13}}}},"branchMap":{"0":{"loc":{"start":{"line":15,"column":20},"end":{"line":15,"column":45}},"type":"if","locations":[{"start":{"line":15,"column":20},"end":{"line":15,"column":45}}]},"1":{"loc":{"start":{"line":25,"column":16},"end":{"line":30,"column":17}},"type":"if","locations":[{"start":{"line":25,"column":16},"end":{"line":30,"column":17}},{"start":{"line":28,"column":23},"end":{"line":30,"column":17}}]},"2":{"loc":{"start":{"line":38,"column":16},"end":{"line":47,"column":17}},"type":"if","locations":[{"start":{"line":38,"column":16},"end":{"line":47,"column":17}},{"start":{"line":41,"column":23},"end":{"line":47,"column":17}}]},"3":{"loc":{"start":{"line":42,"column":20},"end":{"line":46,"column":21}},"type":"if","locations":[{"start":{"line":42,"column":20},"end":{"line":46,"column":21}},{"start":{"line":44,"column":27},"end":{"line":46,"column":21}}]},"4":{"loc":{"start":{"line":58,"column":20},"end":{"line":68,"column":21}},"type":"if","locations":[{"start":{"line":58,"column":20},"end":{"line":68,"column":21}},{"start":{"line":61,"column":27},"end":{"line":68,"column":21}}]},"5":{"loc":{"start":{"line":62,"column":24},"end":{"line":67,"column":25}},"type":"if","locations":[{"start":{"line":62,"column":24},"end":{"line":67,"column":25}},{"start":{"line":65,"column":31},"end":{"line":67,"column":25}}]},"6":{"loc":{"start":{"line":77,"column":16},"end":{"line":87,"column":17}},"type":"if","locations":[{"start":{"line":77,"column":16},"end":{"line":87,"column":17}},{"start":{"line":80,"column":23},"end":{"line":87,"column":17}}]},"7":{"loc":{"start":{"line":81,"column":20},"end":{"line":86,"column":21}},"type":"if","locations":[{"start":{"line":81,"column":20},"end":{"line":86,"column":21}},{"start":{"line":84,"column":27},"end":{"line":86,"column":21}}]}},"s":{"0":3,"1":13,"2":13,"3":13,"4":0,"5":13,"6":13,"7":1,"8":1,"9":1,"10":0,"11":0,"12":1,"13":1,"14":1,"15":1,"16":0,"17":0,"18":1,"19":1,"20":0,"21":1,"22":1,"23":1,"24":0,"25":0,"26":1,"27":1,"28":1,"29":0,"30":1,"31":1,"32":1,"33":0,"34":0,"35":1,"36":1,"37":1,"38":0,"39":3},"f":{"0":3,"1":13,"2":13,"3":13,"4":1,"5":1,"6":1,"7":1,"8":1,"9":1,"10":1,"11":1,"12":1,"13":1,"14":1,"15":1},"b":{"0":[0],"1":[0,1],"2":[0,1],"3":[1,0],"4":[0,1],"5":[1,0],"6":[0,1],"7":[1,0]}}
,"C:\\Users\\natha\\Desktop\\desafioProfissionalTrabalho\\desafioProfissionalTrabalho\\test\\mocks\\characterService.mock.ts": {"path":"C:\\Users\\natha\\Desktop\\desafioProfissionalTrabalho\\desafioProfissionalTrabalho\\test\\mocks\\characterService.mock.ts","statementMap":{"0":{"start":{"line":8,"column":8},"end":{"line":10,"column":10}},"1":{"start":{"line":14,"column":8},"end":{"line":14,"column":48}},"2":{"start":{"line":18,"column":26},"end":{"line":18,"column":64}},"3":{"start":{"line":18,"column":52},"end":{"line":18,"column":63}},"4":{"start":{"line":19,"column":8},"end":{"line":19,"column":50}},"5":{"start":{"line":23,"column":22},"end":{"line":23,"column":48}},"6":{"start":{"line":24,"column":8},"end":{"line":24,"column":77}},"7":{"start":{"line":25,"column":8},"end":{"line":25,"column":38}},"8":{"start":{"line":29,"column":22},"end":{"line":29,"column":65}},"9":{"start":{"line":29,"column":53},"end":{"line":29,"column":64}},"10":{"start":{"line":30,"column":8},"end":{"line":35,"column":9}},"11":{"start":{"line":31,"column":12},"end":{"line":31,"column":77}},"12":{"start":{"line":32,"column":12},"end":{"line":32,"column":41}},"13":{"start":{"line":34,"column":12},"end":{"line":34,"column":42}},"14":{"start":{"line":39,"column":30},"end":{"line":39,"column":52}},"15":{"start":{"line":40,"column":8},"end":{"line":40,"column":67}},"16":{"start":{"line":40,"column":54},"end":{"line":40,"column":65}},"17":{"start":{"line":41,"column":8},"end":{"line":41,"column":71}},"18":{"start":{"line":44,"column":0},"end":{"line":44,"column":null}}},"fnMap":{"0":{"name":"(anonymous_7)","decl":{"start":{"line":7,"column":4},"end":{"line":7,"column":null}},"loc":{"start":{"line":7,"column":4},"end":{"line":11,"column":5}}},"1":{"name":"(anonymous_8)","decl":{"start":{"line":13,"column":10},"end":{"line":13,"column":26}},"loc":{"start":{"line":13,"column":26},"end":{"line":15,"column":null}}},"2":{"name":"(anonymous_10)","decl":{"start":{"line":17,"column":10},"end":{"line":17,"column":26}},"loc":{"start":{"line":17,"column":37},"end":{"line":20,"column":null}}},"3":{"name":"(anonymous_12)","decl":{"start":{"line":18,"column":47},"end":{"line":18,"column":48}},"loc":{"start":{"line":18,"column":52},"end":{"line":18,"column":63}}},"4":{"name":"(anonymous_13)","decl":{"start":{"line":22,"column":10},"end":{"line":22,"column":25}},"loc":{"start":{"line":22,"column":58},"end":{"line":26,"column":null}}},"5":{"name":"(anonymous_15)","decl":{"start":{"line":28,"column":10},"end":{"line":28,"column":25}},"loc":{"start":{"line":28,"column":70},"end":{"line":36,"column":null}}},"6":{"name":"(anonymous_17)","decl":{"start":{"line":29,"column":48},"end":{"line":29,"column":49}},"loc":{"start":{"line":29,"column":53},"end":{"line":29,"column":64}}},"7":{"name":"(anonymous_18)","decl":{"start":{"line":38,"column":10},"end":{"line":38,"column":25}},"loc":{"start":{"line":38,"column":36},"end":{"line":42,"column":null}}},"8":{"name":"(anonymous_20)","decl":{"start":{"line":40,"column":49},"end":{"line":40,"column":50}},"loc":{"start":{"line":40,"column":54},"end":{"line":40,"column":65}}}},"branchMap":{"0":{"loc":{"start":{"line":19,"column":31},"end":{"line":19,"column":48}},"type":"binary-expr","locations":[{"start":{"line":19,"column":31},"end":{"line":19,"column":40}},{"start":{"line":19,"column":44},"end":{"line":19,"column":48}}]},"1":{"loc":{"start":{"line":30,"column":8},"end":{"line":35,"column":9}},"type":"if","locations":[{"start":{"line":30,"column":8},"end":{"line":35,"column":9}},{"start":{"line":33,"column":15},"end":{"line":35,"column":9}}]}},"s":{"0":10,"1":2,"2":2,"3":2,"4":2,"5":2,"6":2,"7":2,"8":2,"9":2,"10":2,"11":2,"12":2,"13":0,"14":2,"15":2,"16":2,"17":2,"18":2},"f":{"0":10,"1":2,"2":2,"3":2,"4":2,"5":2,"6":2,"7":2,"8":2},"b":{"0":[2,0],"1":[2,0]}}
,"C:\\Users\\natha\\Desktop\\desafioProfissionalTrabalho\\desafioProfissionalTrabalho\\test\\mocks\\creatorService.mock.ts": {"path":"C:\\Users\\natha\\Desktop\\desafioProfissionalTrabalho\\desafioProfissionalTrabalho\\test\\mocks\\creatorService.mock.ts","statementMap":{"0":{"start":{"line":5,"column":8},"end":{"line":10,"column":10}},"1":{"start":{"line":14,"column":22},"end":{"line":14,"column":46}},"2":{"start":{"line":15,"column":8},"end":{"line":15,"column":84}},"3":{"start":{"line":16,"column":8},"end":{"line":16,"column":33}},"4":{"start":{"line":20,"column":8},"end":{"line":20,"column":46}},"5":{"start":{"line":24,"column":24},"end":{"line":24,"column":60}},"6":{"start":{"line":24,"column":48},"end":{"line":24,"column":59}},"7":{"start":{"line":25,"column":8},"end":{"line":25,"column":48}},"8":{"start":{"line":29,"column":22},"end":{"line":29,"column":63}},"9":{"start":{"line":29,"column":51},"end":{"line":29,"column":62}},"10":{"start":{"line":30,"column":8},"end":{"line":35,"column":9}},"11":{"start":{"line":31,"column":12},"end":{"line":31,"column":63}},"12":{"start":{"line":32,"column":12},"end":{"line":32,"column":41}},"13":{"start":{"line":34,"column":12},"end":{"line":34,"column":42}},"14":{"start":{"line":39,"column":30},"end":{"line":39,"column":50}},"15":{"start":{"line":40,"column":8},"end":{"line":40,"column":63}},"16":{"start":{"line":40,"column":50},"end":{"line":40,"column":61}},"17":{"start":{"line":41,"column":8},"end":{"line":41,"column":69}},"18":{"start":{"line":1,"column":0},"end":{"line":1,"column":21}}},"fnMap":{"0":{"name":"(anonymous_7)","decl":{"start":{"line":4,"column":4},"end":{"line":4,"column":null}},"loc":{"start":{"line":4,"column":4},"end":{"line":11,"column":5}}},"1":{"name":"(anonymous_8)","decl":{"start":{"line":13,"column":10},"end":{"line":13,"column":23}},"loc":{"start":{"line":13,"column":67},"end":{"line":17,"column":null}}},"2":{"name":"(anonymous_10)","decl":{"start":{"line":19,"column":10},"end":{"line":19,"column":24}},"loc":{"start":{"line":19,"column":24},"end":{"line":21,"column":null}}},"3":{"name":"(anonymous_12)","decl":{"start":{"line":23,"column":10},"end":{"line":23,"column":24}},"loc":{"start":{"line":23,"column":35},"end":{"line":26,"column":null}}},"4":{"name":"(anonymous_14)","decl":{"start":{"line":24,"column":43},"end":{"line":24,"column":44}},"loc":{"start":{"line":24,"column":48},"end":{"line":24,"column":59}}},"5":{"name":"(anonymous_15)","decl":{"start":{"line":28,"column":10},"end":{"line":28,"column":23}},"loc":{"start":{"line":28,"column":79},"end":{"line":36,"column":null}}},"6":{"name":"(anonymous_17)","decl":{"start":{"line":29,"column":46},"end":{"line":29,"column":47}},"loc":{"start":{"line":29,"column":51},"end":{"line":29,"column":62}}},"7":{"name":"(anonymous_18)","decl":{"start":{"line":38,"column":10},"end":{"line":38,"column":23}},"loc":{"start":{"line":38,"column":34},"end":{"line":42,"column":null}}},"8":{"name":"(anonymous_20)","decl":{"start":{"line":40,"column":45},"end":{"line":40,"column":46}},"loc":{"start":{"line":40,"column":50},"end":{"line":40,"column":61}}}},"branchMap":{"0":{"loc":{"start":{"line":25,"column":31},"end":{"line":25,"column":46}},"type":"binary-expr","locations":[{"start":{"line":25,"column":31},"end":{"line":25,"column":38}},{"start":{"line":25,"column":42},"end":{"line":25,"column":46}}]},"1":{"loc":{"start":{"line":30,"column":8},"end":{"line":35,"column":9}},"type":"if","locations":[{"start":{"line":30,"column":8},"end":{"line":35,"column":9}},{"start":{"line":33,"column":15},"end":{"line":35,"column":9}}]}},"s":{"0":5,"1":1,"2":1,"3":1,"4":2,"5":3,"6":5,"7":3,"8":1,"9":1,"10":1,"11":1,"12":1,"13":0,"14":1,"15":1,"16":4,"17":1,"18":1},"f":{"0":5,"1":1,"2":2,"3":3,"4":5,"5":1,"6":1,"7":1,"8":4},"b":{"0":[3,1],"1":[1,0]}}
}
