TN:
SF:app.ts
FN:16,(anonymous_1)
FN:30,(anonymous_2)
FN:34,(anonymous_3)
FN:35,(anonymous_4)
FN:48,(anonymous_5)
FNF:5
FNH:5
FNDA:3,(anonymous_1)
FNDA:3,(anonymous_2)
FNDA:3,(anonymous_3)
FNDA:3,(anonymous_4)
FNDA:3,(anonymous_5)
DA:1,3
DA:2,3
DA:3,3
DA:4,3
DA:7,3
DA:8,3
DA:9,3
DA:17,3
DA:18,3
DA:24,3
DA:25,3
DA:26,3
DA:27,3
DA:31,3
DA:35,3
DA:36,3
DA:37,0
DA:38,0
DA:40,3
DA:41,3
DA:42,3
DA:43,3
DA:44,3
DA:49,3
DA:53,3
LF:25
LH:23
BRDA:36,0,0,0
BRF:1
BRH:0
end_of_record
TN:
SF:routes.ts
FNF:0
FNH:0
DA:2,3
DA:3,3
DA:5,3
DA:7,3
DA:8,3
DA:10,3
DA:11,3
DA:12,3
DA:14,3
DA:17,3
DA:18,3
DA:19,3
DA:20,3
DA:21,3
DA:24,3
DA:25,3
DA:26,3
DA:27,3
DA:28,3
DA:31,3
DA:32,3
DA:33,3
DA:34,3
DA:35,3
DA:37,3
LF:25
LH:25
BRF:0
BRH:0
end_of_record
TN:
SF:controllers\characterController.ts
FN:7,(anonymous_8)
FN:22,(anonymous_10)
FN:32,(anonymous_12)
FN:49,(anonymous_14)
FN:65,(anonymous_16)
FNF:5
FNH:5
FNDA:1,(anonymous_8)
FNDA:1,(anonymous_10)
FNDA:1,(anonymous_12)
FNDA:1,(anonymous_14)
FNDA:1,(anonymous_16)
DA:2,3
DA:8,1
DA:9,1
DA:10,1
DA:12,1
DA:13,1
DA:15,0
DA:18,0
DA:19,0
DA:23,1
DA:24,1
DA:25,1
DA:27,0
DA:28,0
DA:33,1
DA:34,1
DA:35,1
DA:36,1
DA:37,1
DA:39,0
DA:42,0
DA:43,0
DA:50,1
DA:51,1
DA:52,1
DA:53,1
DA:54,1
DA:55,1
DA:57,0
DA:60,0
DA:61,0
DA:66,1
DA:67,1
DA:68,1
DA:69,1
DA:70,1
DA:72,0
DA:75,0
DA:76,0
DA:81,3
LF:40
LH:26
BRDA:12,0,0,1
BRDA:12,0,1,0
BRDA:36,1,0,1
BRDA:36,1,1,0
BRDA:54,2,0,1
BRDA:54,2,1,0
BRDA:69,3,0,1
BRDA:69,3,1,0
BRF:8
BRH:4
end_of_record
TN:
SF:controllers\comicController.ts
FN:6,(anonymous_7)
FN:16,(anonymous_9)
FN:31,(anonymous_11)
FN:46,(anonymous_13)
FN:62,(anonymous_15)
FNF:5
FNH:4
FNDA:1,(anonymous_7)
FNDA:1,(anonymous_9)
FNDA:0,(anonymous_11)
FNDA:1,(anonymous_13)
FNDA:1,(anonymous_15)
DA:3,3
DA:7,1
DA:8,1
DA:9,1
DA:11,0
DA:12,0
DA:17,1
DA:18,1
DA:19,1
DA:20,1
DA:21,1
DA:23,0
DA:26,0
DA:27,0
DA:32,0
DA:33,0
DA:34,0
DA:35,0
DA:36,0
DA:38,0
DA:41,0
DA:42,0
DA:47,1
DA:48,1
DA:49,1
DA:50,1
DA:51,1
DA:52,1
DA:54,0
DA:57,0
DA:58,0
DA:63,1
DA:64,1
DA:65,1
DA:66,1
DA:67,1
DA:69,0
DA:72,0
DA:73,0
DA:77,3
LF:40
LH:21
BRDA:20,0,0,1
BRDA:20,0,1,0
BRDA:35,1,0,0
BRDA:35,1,1,0
BRDA:51,2,0,1
BRDA:51,2,1,0
BRDA:66,3,0,1
BRDA:66,3,1,0
BRF:8
BRH:3
end_of_record
TN:
SF:controllers\creatorController.ts
FN:5,(anonymous_7)
FN:17,(anonymous_9)
FN:27,(anonymous_11)
FN:43,(anonymous_13)
FN:60,(anonymous_15)
FNF:5
FNH:5
FNDA:1,(anonymous_7)
FNDA:1,(anonymous_9)
FNDA:1,(anonymous_11)
FNDA:1,(anonymous_13)
FNDA:1,(anonymous_15)
DA:2,3
DA:6,1
DA:8,1
DA:9,1
DA:10,1
DA:12,0
DA:13,0
DA:18,1
DA:19,1
DA:20,1
DA:22,0
DA:23,0
DA:28,1
DA:30,1
DA:31,1
DA:32,1
DA:33,1
DA:35,0
DA:38,0
DA:39,0
DA:44,1
DA:45,1
DA:47,1
DA:48,1
DA:49,1
DA:50,1
DA:52,0
DA:55,0
DA:56,0
DA:61,1
DA:63,1
DA:64,1
DA:65,1
DA:66,1
DA:68,0
DA:71,0
DA:72,0
DA:76,3
LF:38
LH:25
BRDA:32,0,0,1
BRDA:32,0,1,0
BRDA:49,1,0,1
BRDA:49,1,1,0
BRDA:65,2,0,1
BRDA:65,2,1,0
BRF:6
BRH:3
end_of_record
TN:
SF:controllers\marvelController.ts
FN:20,(anonymous_8)
FN:25,(anonymous_9)
FN:38,(anonymous_11)
FN:52,(anonymous_13)
FN:52,(anonymous_14)
FNF:5
FNH:5
FNDA:3,(anonymous_8)
FNDA:1,(anonymous_9)
FNDA:1,(anonymous_11)
FNDA:12,(anonymous_13)
FNDA:12,(anonymous_14)
DA:1,3
DA:3,3
DA:4,3
DA:5,3
DA:8,3
DA:9,3
DA:10,3
DA:11,3
DA:13,3
DA:21,3
DA:26,1
DA:27,1
DA:28,1
DA:29,1
DA:31,0
DA:32,0
DA:39,1
DA:40,1
DA:41,1
DA:42,0
DA:43,0
DA:46,1
DA:47,1
DA:48,1
DA:50,1
DA:52,12
DA:53,12
DA:57,1
DA:58,1
DA:60,0
DA:61,0
DA:67,3
LF:32
LH:26
BRDA:28,0,0,0
BRDA:28,0,1,1
BRDA:28,1,0,1
BRDA:28,1,1,1
BRDA:28,2,0,0
BRDA:28,2,1,1
BRDA:28,3,0,1
BRDA:28,3,1,1
BRDA:29,4,0,1
BRDA:29,4,1,0
BRDA:41,5,0,0
BRF:11
BRH:7
end_of_record
TN:
SF:services\characterService.ts
FN:7,(anonymous_7)
FN:12,(anonymous_8)
FN:13,(anonymous_10)
FN:14,(anonymous_11)
FN:25,(anonymous_12)
FN:26,(anonymous_14)
FN:27,(anonymous_15)
FN:42,(anonymous_16)
FN:43,(anonymous_18)
FN:47,(anonymous_19)
FN:60,(anonymous_20)
FN:61,(anonymous_22)
FN:65,(anonymous_23)
FN:82,(anonymous_24)
FN:83,(anonymous_26)
FN:84,(anonymous_27)
FNF:16
FNH:16
FNDA:3,(anonymous_7)
FNDA:1,(anonymous_8)
FNDA:1,(anonymous_10)
FNDA:1,(anonymous_11)
FNDA:1,(anonymous_12)
FNDA:1,(anonymous_14)
FNDA:1,(anonymous_15)
FNDA:1,(anonymous_16)
FNDA:1,(anonymous_18)
FNDA:1,(anonymous_19)
FNDA:1,(anonymous_20)
FNDA:1,(anonymous_22)
FNDA:1,(anonymous_23)
FNDA:1,(anonymous_24)
FNDA:1,(anonymous_26)
FNDA:1,(anonymous_27)
DA:8,3
DA:13,1
DA:14,1
DA:15,1
DA:16,0
DA:17,0
DA:19,1
DA:26,1
DA:27,1
DA:28,1
DA:29,0
DA:30,0
DA:32,1
DA:33,1
DA:35,0
DA:43,1
DA:44,1
DA:48,1
DA:49,0
DA:50,0
DA:52,1
DA:53,1
DA:61,1
DA:62,1
DA:66,1
DA:67,0
DA:68,0
DA:70,1
DA:71,1
DA:72,1
DA:74,0
DA:83,1
DA:84,1
DA:85,1
DA:86,0
DA:87,0
DA:89,1
DA:90,1
DA:91,1
DA:93,0
DA:103,3
LF:41
LH:28
BRDA:15,0,0,0
BRDA:15,0,1,1
BRDA:28,1,0,0
BRDA:28,1,1,1
BRDA:32,2,0,1
BRDA:32,2,1,0
BRDA:48,3,0,0
BRDA:48,3,1,1
BRDA:66,4,0,0
BRDA:66,4,1,1
BRDA:70,5,0,1
BRDA:70,5,1,0
BRDA:85,6,0,0
BRDA:85,6,1,1
BRDA:89,7,0,1
BRDA:89,7,1,0
BRF:16
BRH:8
end_of_record
TN:
SF:services\comicService.ts
FN:14,(anonymous_8)
FN:20,(anonymous_9)
FN:21,(anonymous_11)
FN:24,(anonymous_12)
FN:33,(anonymous_13)
FN:34,(anonymous_15)
FN:35,(anonymous_16)
FN:46,(anonymous_17)
FN:47,(anonymous_19)
FN:48,(anonymous_20)
FN:63,(anonymous_21)
FN:64,(anonymous_23)
FN:68,(anonymous_24)
FN:81,(anonymous_25)
FN:82,(anonymous_27)
FN:86,(anonymous_28)
FN:99,(anonymous_29)
FN:100,(anonymous_31)
FN:101,(anonymous_32)
FN:111,(anonymous_33)
FNF:20
FNH:17
FNDA:3,(anonymous_8)
FNDA:1,(anonymous_9)
FNDA:1,(anonymous_11)
FNDA:1,(anonymous_12)
FNDA:1,(anonymous_13)
FNDA:1,(anonymous_15)
FNDA:1,(anonymous_16)
FNDA:1,(anonymous_17)
FNDA:1,(anonymous_19)
FNDA:1,(anonymous_20)
FNDA:0,(anonymous_21)
FNDA:0,(anonymous_23)
FNDA:0,(anonymous_24)
FNDA:1,(anonymous_25)
FNDA:1,(anonymous_27)
FNDA:1,(anonymous_28)
FNDA:1,(anonymous_29)
FNDA:1,(anonymous_31)
FNDA:1,(anonymous_32)
FNDA:1,(anonymous_33)
DA:3,3
DA:6,3
DA:7,3
DA:8,3
DA:9,3
DA:11,3
DA:15,3
DA:21,1
DA:22,1
DA:25,1
DA:26,1
DA:27,1
DA:34,1
DA:35,1
DA:36,1
DA:37,0
DA:38,0
DA:40,1
DA:47,1
DA:48,1
DA:49,1
DA:50,0
DA:51,0
DA:53,1
DA:54,1
DA:56,0
DA:64,0
DA:65,0
DA:69,0
DA:70,0
DA:71,0
DA:73,0
DA:74,0
DA:82,1
DA:83,1
DA:87,1
DA:88,0
DA:89,0
DA:91,1
DA:92,1
DA:100,1
DA:101,1
DA:102,1
DA:103,0
DA:104,0
DA:106,1
DA:111,1
DA:112,1
DA:113,0
DA:114,0
DA:116,1
DA:117,1
LF:52
LH:34
BRDA:25,0,0,0
BRDA:36,1,0,0
BRDA:36,1,1,1
BRDA:49,2,0,0
BRDA:49,2,1,1
BRDA:53,3,0,1
BRDA:53,3,1,0
BRDA:69,4,0,0
BRDA:69,4,1,0
BRDA:87,5,0,0
BRDA:87,5,1,1
BRDA:102,6,0,0
BRDA:102,6,1,1
BRDA:112,7,0,0
BRDA:112,7,1,1
BRF:15
BRH:6
end_of_record
TN:
SF:services\creatorService.ts
FN:6,(anonymous_7)
FN:10,(anonymous_8)
FN:11,(anonymous_10)
FN:14,(anonymous_11)
FN:22,(anonymous_12)
FN:23,(anonymous_14)
FN:24,(anonymous_15)
FN:35,(anonymous_16)
FN:36,(anonymous_18)
FN:37,(anonymous_19)
FN:52,(anonymous_20)
FN:53,(anonymous_22)
FN:57,(anonymous_23)
FN:74,(anonymous_24)
FN:75,(anonymous_26)
FN:76,(anonymous_27)
FNF:16
FNH:16
FNDA:3,(anonymous_7)
FNDA:13,(anonymous_8)
FNDA:13,(anonymous_10)
FNDA:13,(anonymous_11)
FNDA:1,(anonymous_12)
FNDA:1,(anonymous_14)
FNDA:1,(anonymous_15)
FNDA:1,(anonymous_16)
FNDA:1,(anonymous_18)
FNDA:1,(anonymous_19)
FNDA:1,(anonymous_20)
FNDA:1,(anonymous_22)
FNDA:1,(anonymous_23)
FNDA:1,(anonymous_24)
FNDA:1,(anonymous_26)
FNDA:1,(anonymous_27)
DA:3,3
DA:7,3
DA:11,13
DA:12,13
DA:15,13
DA:16,13
DA:17,13
DA:23,1
DA:24,1
DA:25,1
DA:26,0
DA:27,0
DA:29,1
DA:36,1
DA:37,1
DA:38,1
DA:39,0
DA:40,0
DA:42,1
DA:43,1
DA:45,0
DA:53,1
DA:54,1
DA:58,1
DA:59,0
DA:60,0
DA:62,1
DA:63,1
DA:64,1
DA:66,0
DA:75,1
DA:76,1
DA:77,1
DA:78,0
DA:79,0
DA:81,1
DA:82,1
DA:83,1
DA:85,0
LF:39
LH:28
BRDA:15,0,0,0
BRDA:25,1,0,0
BRDA:25,1,1,1
BRDA:38,2,0,0
BRDA:38,2,1,1
BRDA:42,3,0,1
BRDA:42,3,1,0
BRDA:58,4,0,0
BRDA:58,4,1,1
BRDA:62,5,0,1
BRDA:62,5,1,0
BRDA:77,6,0,0
BRDA:77,6,1,1
BRDA:81,7,0,1
BRDA:81,7,1,0
BRF:15
BRH:7
end_of_record
TN:
SF:test\mocks\characterService.mock.ts
FN:7,(anonymous_7)
FN:13,(anonymous_8)
FN:17,(anonymous_10)
FN:18,(anonymous_12)
FN:22,(anonymous_13)
FN:28,(anonymous_15)
FN:29,(anonymous_17)
FN:38,(anonymous_18)
FN:40,(anonymous_20)
FNF:9
FNH:9
FNDA:10,(anonymous_7)
FNDA:2,(anonymous_8)
FNDA:2,(anonymous_10)
FNDA:2,(anonymous_12)
FNDA:2,(anonymous_13)
FNDA:2,(anonymous_15)
FNDA:2,(anonymous_17)
FNDA:2,(anonymous_18)
FNDA:2,(anonymous_20)
DA:8,10
DA:14,2
DA:18,2
DA:19,2
DA:23,2
DA:24,2
DA:25,2
DA:29,2
DA:30,2
DA:31,2
DA:32,2
DA:34,0
DA:39,2
DA:40,2
DA:41,2
DA:44,2
LF:16
LH:15
BRDA:19,0,0,2
BRDA:19,0,1,0
BRDA:30,1,0,2
BRDA:30,1,1,0
BRF:4
BRH:2
end_of_record
TN:
SF:test\mocks\creatorService.mock.ts
FN:4,(anonymous_7)
FN:13,(anonymous_8)
FN:19,(anonymous_10)
FN:23,(anonymous_12)
FN:24,(anonymous_14)
FN:28,(anonymous_15)
FN:29,(anonymous_17)
FN:38,(anonymous_18)
FN:40,(anonymous_20)
FNF:9
FNH:9
FNDA:5,(anonymous_7)
FNDA:1,(anonymous_8)
FNDA:2,(anonymous_10)
FNDA:3,(anonymous_12)
FNDA:5,(anonymous_14)
FNDA:1,(anonymous_15)
FNDA:1,(anonymous_17)
FNDA:1,(anonymous_18)
FNDA:4,(anonymous_20)
DA:1,1
DA:5,5
DA:14,1
DA:15,1
DA:16,1
DA:20,2
DA:24,5
DA:25,3
DA:29,1
DA:30,1
DA:31,1
DA:32,1
DA:34,0
DA:39,1
DA:40,4
DA:41,1
LF:16
LH:15
BRDA:25,0,0,3
BRDA:25,0,1,1
BRDA:30,1,0,1
BRDA:30,1,1,0
BRF:4
BRH:3
end_of_record
